<?xml version="1.0" encoding="UTF-8"?>
<!-- Generated by org.testng.reporters.JUnitReportReporter -->
<testsuite skipped="0" hostname="NaviraFaisel" name="RHTestNGMavenJenkins.RHMvnJnkns" tests="3" failures="0" timestamp="30 Dec 2018 12:17:38 GMT" time="12.030" errors="0">
  <testcase name="login" time="8.243" classname="RHTestNGMavenJenkins.RHMvnJnkns"/>
  <testcase name="findStockValue" time="2.699" classname="RHTestNGMavenJenkins.RHMvnJnkns"/>
  <testcase name="findCurrentBuyingPower" time="1.088" classname="RHTestNGMavenJenkins.RHMvnJnkns"/>
</testsuite> <!-- RHTestNGMavenJenkins.RHMvnJnkns -->
