<?xml version="1.0" encoding="UTF-8"?>
<!-- Generated by org.testng.reporters.JUnitReportReporter -->
<testsuite skipped="0" hostname="NaviraFaisel" name="RHTestNGMavenJenkins.RHMvnJnkns" tests="3" failures="0" timestamp="29 Dec 2018 22:57:11 GMT" time="11.784" errors="0">
  <testcase name="login" time="7.708" classname="RHTestNGMavenJenkins.RHMvnJnkns"/>
  <testcase name="findStockValue" time="2.131" classname="RHTestNGMavenJenkins.RHMvnJnkns"/>
  <testcase name="findCurrentBuyingPower" time="1.945" classname="RHTestNGMavenJenkins.RHMvnJnkns"/>
</testsuite> <!-- RHTestNGMavenJenkins.RHMvnJnkns -->
