<?xml version="1.0" encoding="UTF-8"?>
<!-- Generated by org.testng.reporters.JUnitReportReporter -->
<testsuite skipped="0" hostname="NaviraFaisel" name="RHTestNGMavenJenkins.RHMvnJnkns" tests="3" failures="0" timestamp="29 Dec 2018 23:07:26 GMT" time="10.251" errors="0">
  <testcase name="login" time="5.948" classname="RHTestNGMavenJenkins.RHMvnJnkns"/>
  <testcase name="findStockValue" time="3.217" classname="RHTestNGMavenJenkins.RHMvnJnkns"/>
  <testcase name="findCurrentBuyingPower" time="1.086" classname="RHTestNGMavenJenkins.RHMvnJnkns"/>
</testsuite> <!-- RHTestNGMavenJenkins.RHMvnJnkns -->
